Game/Temp/gradleOut/unityLibrary/build/intermediates/manifest_merge_blame_file/debug/manifest-merger-blame-debug-report.txt
1<?xml version="1.0" encoding="utf-8"?>
2<!-- GENERATED BY UNITY. REMOVE THIS COMMENT TO PREVENT OVERWRITING WHEN EXPORTING AGAIN -->
3<manifest xmlns:android="http://schemas.android.com/apk/res/android"
4    xmlns:tools="http://schemas.android.com/tools"
5    package="com.unity3d.player"
6    android:versionCode="1"
7    android:versionName="0.1" >
8
9    <uses-sdk
10        android:minSdkVersion="19"
10-->src\main\AndroidManifest.xml
11        android:targetSdkVersion="31" />
11-->src\main\AndroidManifest.xml
12
13    <uses-feature android:glEsVersion="0x00030000" />
13-->src\main\AndroidManifest.xml:25:3-52
13-->src\main\AndroidManifest.xml:25:17-49
14    <uses-feature
14-->src\main\AndroidManifest.xml:26:3-91
15        android:name="android.hardware.vulkan.version"
15-->src\main\AndroidManifest.xml:26:17-63
16        android:required="false" />
16-->src\main\AndroidManifest.xml:26:64-88
17
18    <uses-permission android:name="android.permission.INTERNET" />
18-->src\main\AndroidManifest.xml:27:3-65
18-->src\main\AndroidManifest.xml:27:20-62
19
20    <uses-feature
20-->src\main\AndroidManifest.xml:28:3-88
21        android:name="android.hardware.touchscreen"
21-->src\main\AndroidManifest.xml:28:17-60
22        android:required="false" />
22-->src\main\AndroidManifest.xml:28:61-85
23    <uses-feature
23-->src\main\AndroidManifest.xml:29:3-99
24        android:name="android.hardware.touchscreen.multitouch"
24-->src\main\AndroidManifest.xml:29:17-71
25        android:required="false" />
25-->src\main\AndroidManifest.xml:29:72-96
26    <uses-feature
26-->src\main\AndroidManifest.xml:30:3-108
27        android:name="android.hardware.touchscreen.multitouch.distinct"
27-->src\main\AndroidManifest.xml:30:17-80
28        android:required="false" />
28-->src\main\AndroidManifest.xml:30:81-105
29
30    <application>
30-->src\main\AndroidManifest.xml:4:3-24:17
31        <activity
31-->src\main\AndroidManifest.xml:5:5-12:16
32            android:name="com.unity3d.player.UnityPlayerActivity"
32-->src\main\AndroidManifest.xml:5:15-68
33            android:configChanges="mcc|mnc|locale|touchscreen|keyboard|keyboardHidden|navigation|orientation|screenLayout|uiMode|screenSize|smallestScreenSize|fontScale|layoutDirection|density"
33-->src\main\AndroidManifest.xml:5:180-361
34            android:exported="true"
34-->src\main\AndroidManifest.xml:5:433-456
35            android:hardwareAccelerated="false"
35-->src\main\AndroidManifest.xml:5:397-432
36            android:launchMode="singleTask"
36-->src\main\AndroidManifest.xml:5:148-179
37            android:resizeableActivity="false"
37-->src\main\AndroidManifest.xml:5:362-396
38            android:screenOrientation="portrait"
38-->src\main\AndroidManifest.xml:5:111-147
39            android:theme="@style/UnityThemeSelector" >
39-->src\main\AndroidManifest.xml:5:69-110
40            <intent-filter>
40-->src\main\AndroidManifest.xml:6:7-9:23
41                <action android:name="android.intent.action.MAIN" />
41-->src\main\AndroidManifest.xml:7:9-61
41-->src\main\AndroidManifest.xml:7:17-58
42
43                <category android:name="android.intent.category.LAUNCHER" />
43-->src\main\AndroidManifest.xml:8:9-69
43-->src\main\AndroidManifest.xml:8:19-66
44            </intent-filter>
45
46            <meta-data
46-->src\main\AndroidManifest.xml:10:7-82
47                android:name="unityplayer.UnityActivity"
47-->src\main\AndroidManifest.xml:10:18-58
48                android:value="true" />
48-->src\main\AndroidManifest.xml:10:59-79
49            <meta-data
49-->src\main\AndroidManifest.xml:11:7-78
50                android:name="android.notch_support"
50-->src\main\AndroidManifest.xml:11:18-54
51                android:value="true" />
51-->src\main\AndroidManifest.xml:11:55-75
52        </activity>
53
54        <meta-data
54-->src\main\AndroidManifest.xml:13:5-69
55            android:name="unity.splash-mode"
55-->src\main\AndroidManifest.xml:13:16-48
56            android:value="0" />
56-->src\main\AndroidManifest.xml:13:49-66
57        <meta-data
57-->src\main\AndroidManifest.xml:14:5-74
58            android:name="unity.splash-enable"
58-->src\main\AndroidManifest.xml:14:16-50
59            android:value="True" />
59-->src\main\AndroidManifest.xml:14:51-71
60        <meta-data
60-->src\main\AndroidManifest.xml:15:5-84
61            android:name="unity.allow-resizable-window"
61-->src\main\AndroidManifest.xml:15:16-59
62            android:value="False" />
62-->src\main\AndroidManifest.xml:15:60-81
63        <meta-data
63-->src\main\AndroidManifest.xml:16:5-81
64            android:name="notch.config"
64-->src\main\AndroidManifest.xml:16:16-43
65            android:value="portrait|landscape" />
65-->src\main\AndroidManifest.xml:16:44-78
66        <meta-data
66-->src\main\AndroidManifest.xml:17:5-101
67            android:name="unity.build-id"
67-->src\main\AndroidManifest.xml:17:16-45
68            android:value="902797f4-19d8-4ac0-891b-b1a088e0d8aa" />
68-->src\main\AndroidManifest.xml:17:46-98
69
70        <receiver
70-->src\main\AndroidManifest.xml:18:5-112
71            android:name="com.unity.androidnotifications.UnityNotificationManager"
71-->src\main\AndroidManifest.xml:18:15-85
72            android:exported="true" />
72-->src\main\AndroidManifest.xml:18:86-109
73        <receiver
73-->src\main\AndroidManifest.xml:19:5-23:16
74            android:name="com.unity.androidnotifications.UnityNotificationRestartOnBootReceiver"
74-->src\main\AndroidManifest.xml:19:15-99
75            android:enabled="false" >
75-->src\main\AndroidManifest.xml:19:100-123
76            <intent-filter>
76-->src\main\AndroidManifest.xml:20:7-22:23
77                <action android:name="android.intent.action.BOOT_COMPLETED" />
77-->src\main\AndroidManifest.xml:21:9-71
77-->src\main\AndroidManifest.xml:21:17-68
78            </intent-filter>
79        </receiver>
80    </application>
81
82</manifest>